<?xml version="1.0" encoding="UTF-8"?>
<!-- Generated by org.testng.reporters.JUnitReportReporter -->
<testsuite hostname="DESKTOP-D0FLE14" name="com.app.mainexecution.ExecutionClass" tests="4" failures="0" timestamp="18 Jun 2022 12:00:20 GMT" time="0.006" errors="0">
  <testcase name="secondGear" time="0.000" classname="com.app.mainexecution.ExecutionClass"/>
  <testcase name="thirdGear" time="0.000" classname="com.app.mainexecution.ExecutionClass"/>
  <testcase name="startTheCar" time="0.006" classname="com.app.mainexecution.ExecutionClass"/>
  <testcase name="firstGear" time="0.000" classname="com.app.mainexecution.ExecutionClass"/>
</testsuite> <!-- com.app.mainexecution.ExecutionClass -->
