<?xml version="1.0" encoding="UTF-8"?>
<!-- Generated by org.testng.reporters.JUnitReportReporter -->
<testsuite hostname="DESKTOP-D0FLE14" name="com.app.base.Execution" tests="2" failures="0" timestamp="20 Jun 2022 07:22:21 GMT" time="0.005" errors="0">
  <testcase name="password" time="0.000" classname="com.app.base.Execution"/>
  <testcase name="username" time="0.005" classname="com.app.base.Execution"/>
</testsuite> <!-- com.app.base.Execution -->
